{"uuid":"ff953a36-ff6b-4965-852b-b835b418369a","historyId":"df0e075929c254b90a2c6dfa528a1e9f","fullName":"Flipkart Verification: Verify Flipkart Site","labels":[{"name":"host","value":"Gaurav"},{"name":"thread","value":"25288@Gaurav.main(1)"},{"name":"feature","value":"Flipkart Verification"},{"name":"story","value":"Verify Flipkart Site"},{"name":"suite","value":"Flipkart Verification"},{"name":"testClass","value":"Verify Flipkart Site"},{"name":"framework","value":"cucumber4jvm"},{"name":"language","value":"java"},{"name":"gherkin_uri","value":"file:///C:/Users/gmpra/Documents/Gaurav_Work/Selenium/Selenium-BDD-Framework/src/test/resources/features/FlipkartHomePage.feature"},{"name":"package","value":"src.test.resources.features.FlipkartHomePage_feature.Flipkart Verification"}],"links":[],"name":"Verify Flipkart Site","status":"failed","statusDetails":{"known":false,"muted":false,"flaky":false,"message":"expected [true] but found [false]","trace":"java.lang.AssertionError: expected [true] but found [false]\r\n\tat org.testng.Assert.fail(Assert.java:110)\r\n\tat org.testng.Assert.failNotEquals(Assert.java:1413)\r\n\tat org.testng.Assert.assertTrue(Assert.java:56)\r\n\tat org.testng.Assert.assertTrue(Assert.java:66)\r\n\tat com.gaurav.tests.FlipkartHomePageStepDefinitions.performVerification(FlipkartHomePageStepDefinitions.java:47)\r\n\tat ✽.I perform some verification on the Flipkart site(file:///C:/Users/gmpra/Documents/Gaurav_Work/Selenium/Selenium-BDD-Framework/src/test/resources/features/FlipkartHomePage.feature:5)\r\n"},"stage":"finished","steps":[{"name":"Given  I navigate to the Flipkart site","status":"passed","statusDetails":{"known":false,"muted":false,"flaky":false},"stage":"finished","steps":[],"attachments":[],"parameters":[],"start":1705347873418,"stop":1705347879950},{"name":"When  I perform some verification on the Flipkart site","status":"failed","statusDetails":{"known":false,"muted":false,"flaky":false,"message":"expected [true] but found [false]","trace":"java.lang.AssertionError: expected [true] but found [false]\r\n\tat org.testng.Assert.fail(Assert.java:110)\r\n\tat org.testng.Assert.failNotEquals(Assert.java:1413)\r\n\tat org.testng.Assert.assertTrue(Assert.java:56)\r\n\tat org.testng.Assert.assertTrue(Assert.java:66)\r\n\tat com.gaurav.tests.FlipkartHomePageStepDefinitions.performVerification(FlipkartHomePageStepDefinitions.java:47)\r\n\tat ✽.I perform some verification on the Flipkart site(file:///C:/Users/gmpra/Documents/Gaurav_Work/Selenium/Selenium-BDD-Framework/src/test/resources/features/FlipkartHomePage.feature:5)\r\n"},"stage":"finished","steps":[],"attachments":[],"parameters":[],"start":1705347879951,"stop":1705347880088},{"name":"When  I verified the Flipkart Site logo","status":"skipped","statusDetails":{"known":false,"muted":false,"flaky":false},"stage":"finished","steps":[],"attachments":[],"parameters":[],"start":1705347880089,"stop":1705347880090},{"name":"Then  I should close the browser","status":"skipped","statusDetails":{"known":false,"muted":false,"flaky":false},"stage":"finished","steps":[],"attachments":[],"parameters":[],"start":1705347880091,"stop":1705347880093}],"attachments":[],"parameters":[],"start":1705347862119,"stop":1705347880963}